<?xml version="1.0" encoding="UTF-8"?>
<testng-results skipped="0" failed="0" ignored="0" total="1" passed="1">
  <reporter-output>
  </reporter-output>
  <suite name="Default suite" duration-ms="39" started-at="2020-08-03T05:58:19Z" finished-at="2020-08-03T05:58:19Z">
    <groups>
    </groups>
    <test name="Default test" duration-ms="39" started-at="2020-08-03T05:58:19Z" finished-at="2020-08-03T05:58:19Z">
      <class name="devopsdemo.devopsdemo.helloworld">
        <test-method status="PASS" signature="f()[pri:0, instance:devopsdemo.devopsdemo.helloworld@50c87b21]" name="f" duration-ms="10" started-at="2020-08-03T05:58:19Z" finished-at="2020-08-03T05:58:19Z">
          <reporter-output>
          </reporter-output>
        </test-method> <!-- f -->
      </class> <!-- devopsdemo.devopsdemo.helloworld -->
    </test> <!-- Default test -->
  </suite> <!-- Default suite -->
</testng-results>
